<?xml version="1.0" encoding="UTF-8"?>
<testsuite name="es.uniovi.recetasasturianas.data.remote.dto.MappersTest" tests="20" skipped="0" failures="0" errors="0" timestamp="2026-03-20T06:12:42" hostname="laptop" time="0.083">
  <properties/>
  <testcase name="parseTimeToMinutes_onlyMinutes" classname="es.uniovi.recetasasturianas.data.remote.dto.MappersTest" time="0.029"/>
  <testcase name="extractRestaurantName_withoutPrefix_returnsOriginal" classname="es.uniovi.recetasasturianas.data.remote.dto.MappersTest" time="0.0"/>
  <testcase name="extractImageUrl_nestedInImageField_returnsUrl" classname="es.uniovi.recetasasturianas.data.remote.dto.MappersTest" time="0.018"/>
  <testcase name="parseTimeToMinutes_pluralHours" classname="es.uniovi.recetasasturianas.data.remote.dto.MappersTest" time="0.001"/>
  <testcase name="parseTimeToMinutes_onlyNumber" classname="es.uniovi.recetasasturianas.data.remote.dto.MappersTest" time="0.017"/>
  <testcase name="extractRestaurantName_withPrefix_removesPrefix" classname="es.uniovi.recetasasturianas.data.remote.dto.MappersTest" time="0.001"/>
  <testcase name="extractRestaurantName_empty_returnsUnknown" classname="es.uniovi.recetasasturianas.data.remote.dto.MappersTest" time="0.0"/>
  <testcase name="extractRestaurantName_null_returnsUnknown" classname="es.uniovi.recetasasturianas.data.remote.dto.MappersTest" time="0.0"/>
  <testcase name="parseTimeToMinutes_hoursAndMinutes" classname="es.uniovi.recetasasturianas.data.remote.dto.MappersTest" time="0.001"/>
  <testcase name="parseTimeToMinutes_onlyHours" classname="es.uniovi.recetasasturianas.data.remote.dto.MappersTest" time="0.001"/>
  <testcase name="extractRestaurantUrl_relativeUrl_prependsDomain" classname="es.uniovi.recetasasturianas.data.remote.dto.MappersTest" time="0.001"/>
  <testcase name="extractImageUrl_withSpacesInTitle_encodesUrl" classname="es.uniovi.recetasasturianas.data.remote.dto.MappersTest" time="0.003"/>
  <testcase name="extractRestaurantUrl_absoluteUrl_returnsAsIs" classname="es.uniovi.recetasasturianas.data.remote.dto.MappersTest" time="0.001"/>
  <testcase name="extractImageUrl_invalidJson_returnsNull" classname="es.uniovi.recetasasturianas.data.remote.dto.MappersTest" time="0.001"/>
  <testcase name="extractRestaurantUrl_noHref_returnsNull" classname="es.uniovi.recetasasturianas.data.remote.dto.MappersTest" time="0.0"/>
  <testcase name="extractRestaurantUrl_null_returnsNull" classname="es.uniovi.recetasasturianas.data.remote.dto.MappersTest" time="0.0"/>
  <testcase name="parseTimeToMinutes_empty_returnsNull" classname="es.uniovi.recetasasturianas.data.remote.dto.MappersTest" time="0.001"/>
  <testcase name="parseTimeToMinutes_null_returnsNull" classname="es.uniovi.recetasasturianas.data.remote.dto.MappersTest" time="0.001"/>
  <testcase name="extractImageUrl_validJson_returnsUrl" classname="es.uniovi.recetasasturianas.data.remote.dto.MappersTest" time="0.001"/>
  <testcase name="extractImageUrl_null_returnsNull" classname="es.uniovi.recetasasturianas.data.remote.dto.MappersTest" time="0.001"/>
  <system-out><![CDATA[]]></system-out>
  <system-err><![CDATA[]]></system-err>
</testsuite>
