<?xml version='1.0' encoding='UTF-8' ?>
<testsuite name="es.uniovi.recetasasturianas.NavigationTest" tests="10" failures="0" errors="0" skipped="0" time="12.246" timestamp="2026-05-15T18:59:57" hostname="localhost">
  <properties>
    <property name="device" value="SM-G990B - 16" />
    <property name="flavor" value="" />
    <property name="project" value=":app" />
  </properties>
  <testcase name="bottomNavigation_navigatesBetweenTabs" classname="es.uniovi.recetasasturianas.NavigationTest" time="2.378" />
  <testcase name="appTitle_isDisplayed" classname="es.uniovi.recetasasturianas.NavigationTest" time="0.553" />
  <testcase name="toggleFavorite_updatesFabIcon" classname="es.uniovi.recetasasturianas.RecipeDetailFragmentTest" time="1.457" />
  <testcase name="restaurantButton_existsIfHasUrl" classname="es.uniovi.recetasasturianas.RecipeDetailFragmentTest" time="1.132" />
  <testcase name="displayRecipeDetails" classname="es.uniovi.recetasasturianas.RecipeDetailFragmentTest" time="1.108" />
  <testcase name="displayRecipeList" classname="es.uniovi.recetasasturianas.RecipeListFragmentTest" time="0.553" />
  <testcase name="searchRecipe_filtersList" classname="es.uniovi.recetasasturianas.RecipeListFragmentTest" time="0.931" />
  <testcase name="pullToRefresh_refreshesList" classname="es.uniovi.recetasasturianas.RecipeListFragmentTest" time="1.007" />
  <testcase name="clickRecipe_navigateToDetail" classname="es.uniovi.recetasasturianas.RecipeListFragmentTest" time="1.183" />
  <testcase name="filterByTime_filtersList" classname="es.uniovi.recetasasturianas.RecipeListFragmentTest" time="0.78" />
</testsuite>